<?xml version="1.0" encoding="UTF-8"?>
<testng-results skipped="0" failed="1" ignored="0" total="3" passed="2">
  <reporter-output>
  </reporter-output>
  <suite name="Hub Spot App Regression Test" duration-ms="28861" started-at="2020-01-16T14:03:32Z" finished-at="2020-01-16T14:04:01Z">
    <groups>
    </groups>
    <test name="hub spot regression Test" duration-ms="28861" started-at="2020-01-16T14:03:32Z" finished-at="2020-01-16T14:04:01Z">
      <class name="com.qa.hubspot.tests.LoginTests">
        <test-method status="PASS" signature="setUpBrowser()[pri:0, instance:com.qa.hubspot.tests.LoginTests@2f94c4db]" name="setUpBrowser" is-config="true" duration-ms="2896" started-at="2020-01-16T14:03:32Z" finished-at="2020-01-16T14:03:35Z">
          <reporter-output>
          </reporter-output>
        </test-method> <!-- setUpBrowser -->
        <test-method status="FAIL" signature="verifyLoginPageTitleTest()[pri:1, instance:com.qa.hubspot.tests.LoginTests@2f94c4db]" name="verifyLoginPageTitleTest" duration-ms="5007" started-at="2020-01-16T14:03:36Z" description="verifying login page title" finished-at="2020-01-16T14:03:41Z">
          <exception class="java.lang.AssertionError">
            <message>
              <![CDATA[expected [HubSpot Login123] but found [HubSpot Login]]]>
            </message>
            <full-stacktrace>
              <![CDATA[java.lang.AssertionError: expected [HubSpot Login123] but found [HubSpot Login]
at org.testng.Assert.fail(Assert.java:96)
at org.testng.Assert.failNotEquals(Assert.java:776)
at org.testng.Assert.assertEqualsImpl(Assert.java:137)
at org.testng.Assert.assertEquals(Assert.java:118)
at org.testng.Assert.assertEquals(Assert.java:453)
at org.testng.Assert.assertEquals(Assert.java:463)
at com.qa.hubspot.tests.LoginTests.verifyLoginPageTitleTest(LoginTests.java:32)
at sun.reflect.NativeMethodAccessorImpl.invoke0(Native Method)
at sun.reflect.NativeMethodAccessorImpl.invoke(NativeMethodAccessorImpl.java:62)
at sun.reflect.DelegatingMethodAccessorImpl.invoke(DelegatingMethodAccessorImpl.java:43)
at java.lang.reflect.Method.invoke(Method.java:498)
at org.testng.internal.MethodInvocationHelper.invokeMethod(MethodInvocationHelper.java:124)
at org.testng.internal.Invoker.invokeMethod(Invoker.java:583)
at org.testng.internal.Invoker.invokeTestMethod(Invoker.java:719)
at org.testng.internal.Invoker.invokeTestMethods(Invoker.java:989)
at org.testng.internal.TestMethodWorker.invokeTestMethods(TestMethodWorker.java:125)
at org.testng.internal.TestMethodWorker.run(TestMethodWorker.java:109)
at java.util.concurrent.ThreadPoolExecutor.runWorker(ThreadPoolExecutor.java:1149)
at java.util.concurrent.ThreadPoolExecutor$Worker.run(ThreadPoolExecutor.java:624)
at java.lang.Thread.run(Thread.java:748)
]]>
            </full-stacktrace>
          </exception> <!-- java.lang.AssertionError -->
          <reporter-output>
          </reporter-output>
        </test-method> <!-- verifyLoginPageTitleTest -->
        <test-method status="PASS" signature="setUpBrowser()[pri:0, instance:com.qa.hubspot.tests.LoginTests@2f94c4db]" name="setUpBrowser" is-config="true" duration-ms="1675" started-at="2020-01-16T14:03:41Z" finished-at="2020-01-16T14:03:43Z">
          <reporter-output>
          </reporter-output>
        </test-method> <!-- setUpBrowser -->
        <test-method status="PASS" signature="verifySignUpLinkTest()[pri:2, instance:com.qa.hubspot.tests.LoginTests@2f94c4db]" name="verifySignUpLinkTest" duration-ms="4467" started-at="2020-01-16T14:03:43Z" description="verifying sign up link test" finished-at="2020-01-16T14:03:48Z">
          <reporter-output>
          </reporter-output>
        </test-method> <!-- verifySignUpLinkTest -->
        <test-method status="PASS" signature="setUpBrowser()[pri:0, instance:com.qa.hubspot.tests.LoginTests@2f94c4db]" name="setUpBrowser" is-config="true" duration-ms="1642" started-at="2020-01-16T14:03:48Z" finished-at="2020-01-16T14:03:49Z">
          <reporter-output>
          </reporter-output>
        </test-method> <!-- setUpBrowser -->
        <test-method status="PASS" signature="loginCorrectCredentialsTest()[pri:3, instance:com.qa.hubspot.tests.LoginTests@2f94c4db]" name="loginCorrectCredentialsTest" duration-ms="5440" started-at="2020-01-16T14:03:49Z" description="login into app test" finished-at="2020-01-16T14:03:55Z">
          <reporter-output>
          </reporter-output>
        </test-method> <!-- loginCorrectCredentialsTest -->
        <test-method status="PASS" signature="setUpBrowser()[pri:0, instance:com.qa.hubspot.tests.LoginTests@2f94c4db]" name="setUpBrowser" is-config="true" duration-ms="1674" started-at="2020-01-16T14:03:55Z" finished-at="2020-01-16T14:03:56Z">
          <reporter-output>
          </reporter-output>
        </test-method> <!-- setUpBrowser -->
        <test-method status="SUCCESS_PERCENTAGE_FAILURE" signature="testSuccessPercentage()[pri:4, instance:com.qa.hubspot.tests.LoginTests@2f94c4db]" name="testSuccessPercentage" duration-ms="4946" started-at="2020-01-16T14:03:56Z" description="Test imp" finished-at="2020-01-16T14:04:01Z">
          <exception class="java.lang.AssertionError">
            <message>
              <![CDATA[expected [HubSpot Login123] but found [HubSpot Login]]]>
            </message>
            <full-stacktrace>
              <![CDATA[java.lang.AssertionError: expected [HubSpot Login123] but found [HubSpot Login]
at org.testng.Assert.fail(Assert.java:96)
at org.testng.Assert.failNotEquals(Assert.java:776)
at org.testng.Assert.assertEqualsImpl(Assert.java:137)
at org.testng.Assert.assertEquals(Assert.java:118)
at org.testng.Assert.assertEquals(Assert.java:453)
at org.testng.Assert.assertEquals(Assert.java:463)
at com.qa.hubspot.tests.LoginTests.testSuccessPercentage(LoginTests.java:58)
at sun.reflect.NativeMethodAccessorImpl.invoke0(Native Method)
at sun.reflect.NativeMethodAccessorImpl.invoke(NativeMethodAccessorImpl.java:62)
at sun.reflect.DelegatingMethodAccessorImpl.invoke(DelegatingMethodAccessorImpl.java:43)
at java.lang.reflect.Method.invoke(Method.java:498)
at org.testng.internal.MethodInvocationHelper.invokeMethod(MethodInvocationHelper.java:124)
at org.testng.internal.Invoker.invokeMethod(Invoker.java:583)
at org.testng.internal.Invoker.invokeTestMethod(Invoker.java:719)
at org.testng.internal.Invoker.invokeTestMethods(Invoker.java:989)
at org.testng.internal.TestMethodWorker.invokeTestMethods(TestMethodWorker.java:125)
at org.testng.internal.TestMethodWorker.run(TestMethodWorker.java:109)
at java.util.concurrent.ThreadPoolExecutor.runWorker(ThreadPoolExecutor.java:1149)
at java.util.concurrent.ThreadPoolExecutor$Worker.run(ThreadPoolExecutor.java:624)
at java.lang.Thread.run(Thread.java:748)
]]>
            </full-stacktrace>
          </exception> <!-- java.lang.AssertionError -->
          <reporter-output>
          </reporter-output>
        </test-method> <!-- testSuccessPercentage -->
      </class> <!-- com.qa.hubspot.tests.LoginTests -->
    </test> <!-- hub spot regression Test -->
  </suite> <!-- Hub Spot App Regression Test -->
</testng-results>
